{"C:\\Users\\eladl\\OneDrive - Ariel University\\Desktop\\contact_manager\\app.js": {"path":"C:\\Users\\eladl\\OneDrive - Ariel University\\Desktop\\contact_manager\\app.js","statementMap":{"0":{"start":{"line":1,"column":26},"end":{"line":1,"column":62}},"1":{"start":{"line":5,"column":15},"end":{"line":5,"column":36}},"2":{"start":{"line":6,"column":2},"end":{"line":10,"column":3}},"3":{"start":{"line":7,"column":4},"end":{"line":7,"column":48}},"4":{"start":{"line":8,"column":4},"end":{"line":8,"column":85}},"5":{"start":{"line":9,"column":4},"end":{"line":9,"column":20}},"6":{"start":{"line":11,"column":2},"end":{"line":11,"column":22}},"7":{"start":{"line":14,"column":0},"end":{"line":14,"column":7}}},"fnMap":{"0":{"name":"main","decl":{"start":{"line":4,"column":9},"end":{"line":4,"column":13}},"loc":{"start":{"line":4,"column":16},"end":{"line":12,"column":1}},"line":4}},"branchMap":{"0":{"loc":{"start":{"line":6,"column":2},"end":{"line":10,"column":3}},"type":"if","locations":[{"start":{"line":6,"column":2},"end":{"line":10,"column":3}},{"start":{},"end":{}}],"line":6}},"s":{"0":1,"1":1,"2":1,"3":1,"4":1,"5":1,"6":1,"7":1},"f":{"0":1},"b":{"0":[1,0]},"_coverageSchema":"1a1c01bbd47fc00a2c39e90264f33305004495a9","hash":"2e12150a571d40e26898f91f285b1fc131753bcb"}
,"C:\\Users\\eladl\\OneDrive - Ariel University\\Desktop\\contact_manager\\commands\\commandHandler.js": {"path":"C:\\Users\\eladl\\OneDrive - Ariel University\\Desktop\\contact_manager\\commands\\commandHandler.js","statementMap":{"0":{"start":{"line":1,"column":68},"end":{"line":1,"column":105}},"1":{"start":{"line":4,"column":2},"end":{"line":17,"column":3}},"2":{"start":{"line":21,"column":31},"end":{"line":21,"column":35}},"3":{"start":{"line":23,"column":2},"end":{"line":82,"column":3}},"4":{"start":{"line":24,"column":4},"end":{"line":76,"column":5}},"5":{"start":{"line":26,"column":8},"end":{"line":28,"column":9}},"6":{"start":{"line":27,"column":10},"end":{"line":27,"column":63}},"7":{"start":{"line":29,"column":27},"end":{"line":29,"column":70}},"8":{"start":{"line":30,"column":8},"end":{"line":30,"column":59}},"9":{"start":{"line":31,"column":8},"end":{"line":31,"column":14}},"10":{"start":{"line":34,"column":25},"end":{"line":34,"column":39}},"11":{"start":{"line":35,"column":8},"end":{"line":35,"column":62}},"12":{"start":{"line":36,"column":8},"end":{"line":39,"column":9}},"13":{"start":{"line":37,"column":10},"end":{"line":37,"column":44}},"14":{"start":{"line":38,"column":10},"end":{"line":38,"column":16}},"15":{"start":{"line":40,"column":8},"end":{"line":40,"column":44}},"16":{"start":{"line":41,"column":8},"end":{"line":43,"column":11}},"17":{"start":{"line":42,"column":10},"end":{"line":42,"column":71}},"18":{"start":{"line":44,"column":8},"end":{"line":44,"column":14}},"19":{"start":{"line":47,"column":8},"end":{"line":49,"column":9}},"20":{"start":{"line":48,"column":10},"end":{"line":48,"column":50}},"21":{"start":{"line":50,"column":24},"end":{"line":50,"column":49}},"22":{"start":{"line":51,"column":8},"end":{"line":51,"column":61}},"23":{"start":{"line":52,"column":8},"end":{"line":52,"column":65}},"24":{"start":{"line":53,"column":8},"end":{"line":59,"column":9}},"25":{"start":{"line":54,"column":10},"end":{"line":54,"column":67}},"26":{"start":{"line":56,"column":10},"end":{"line":58,"column":13}},"27":{"start":{"line":57,"column":12},"end":{"line":57,"column":73}},"28":{"start":{"line":60,"column":8},"end":{"line":60,"column":14}},"29":{"start":{"line":63,"column":8},"end":{"line":65,"column":9}},"30":{"start":{"line":64,"column":10},"end":{"line":64,"column":62}},"31":{"start":{"line":66,"column":24},"end":{"line":66,"column":48}},"32":{"start":{"line":67,"column":8},"end":{"line":67,"column":58}},"33":{"start":{"line":68,"column":8},"end":{"line":68,"column":14}},"34":{"start":{"line":71,"column":8},"end":{"line":71,"column":21}},"35":{"start":{"line":72,"column":8},"end":{"line":72,"column":14}},"36":{"start":{"line":75,"column":8},"end":{"line":75,"column":56}},"37":{"start":{"line":78,"column":4},"end":{"line":78,"column":45}},"38":{"start":{"line":79,"column":4},"end":{"line":81,"column":5}},"39":{"start":{"line":80,"column":6},"end":{"line":80,"column":87}},"40":{"start":{"line":85,"column":0},"end":{"line":85,"column":35}}},"fnMap":{"0":{"name":"printUsage","decl":{"start":{"line":3,"column":9},"end":{"line":3,"column":19}},"loc":{"start":{"line":3,"column":22},"end":{"line":18,"column":1}},"line":3},"1":{"name":"handleCommand","decl":{"start":{"line":20,"column":9},"end":{"line":20,"column":22}},"loc":{"start":{"line":20,"column":29},"end":{"line":83,"column":1}},"line":20},"2":{"name":"(anonymous_2)","decl":{"start":{"line":41,"column":25},"end":{"line":41,"column":26}},"loc":{"start":{"line":41,"column":35},"end":{"line":43,"column":9}},"line":41},"3":{"name":"(anonymous_3)","decl":{"start":{"line":56,"column":26},"end":{"line":56,"column":27}},"loc":{"start":{"line":56,"column":36},"end":{"line":58,"column":11}},"line":56}},"branchMap":{"0":{"loc":{"start":{"line":24,"column":4},"end":{"line":76,"column":5}},"type":"switch","locations":[{"start":{"line":25,"column":6},"end":{"line":31,"column":14}},{"start":{"line":33,"column":6},"end":{"line":44,"column":14}},{"start":{"line":46,"column":6},"end":{"line":60,"column":14}},{"start":{"line":62,"column":6},"end":{"line":68,"column":14}},{"start":{"line":70,"column":6},"end":{"line":72,"column":14}},{"start":{"line":74,"column":6},"end":{"line":75,"column":56}}],"line":24},"1":{"loc":{"start":{"line":26,"column":8},"end":{"line":28,"column":9}},"type":"if","locations":[{"start":{"line":26,"column":8},"end":{"line":28,"column":9}},{"start":{},"end":{}}],"line":26},"2":{"loc":{"start":{"line":36,"column":8},"end":{"line":39,"column":9}},"type":"if","locations":[{"start":{"line":36,"column":8},"end":{"line":39,"column":9}},{"start":{},"end":{}}],"line":36},"3":{"loc":{"start":{"line":47,"column":8},"end":{"line":49,"column":9}},"type":"if","locations":[{"start":{"line":47,"column":8},"end":{"line":49,"column":9}},{"start":{},"end":{}}],"line":47},"4":{"loc":{"start":{"line":53,"column":8},"end":{"line":59,"column":9}},"type":"if","locations":[{"start":{"line":53,"column":8},"end":{"line":59,"column":9}},{"start":{"line":55,"column":15},"end":{"line":59,"column":9}}],"line":53},"5":{"loc":{"start":{"line":63,"column":8},"end":{"line":65,"column":9}},"type":"if","locations":[{"start":{"line":63,"column":8},"end":{"line":65,"column":9}},{"start":{},"end":{}}],"line":63},"6":{"loc":{"start":{"line":79,"column":4},"end":{"line":81,"column":5}},"type":"if","locations":[{"start":{"line":79,"column":4},"end":{"line":81,"column":5}},{"start":{},"end":{}}],"line":79}},"s":{"0":2,"1":1,"2":13,"3":13,"4":13,"5":2,"6":1,"7":1,"8":1,"9":1,"10":2,"11":2,"12":2,"13":1,"14":1,"15":1,"16":1,"17":1,"18":1,"19":3,"20":1,"21":2,"22":2,"23":2,"24":2,"25":1,"26":1,"27":1,"28":2,"29":2,"30":1,"31":1,"32":1,"33":1,"34":1,"35":1,"36":3,"37":6,"38":6,"39":6,"40":2},"f":{"0":1,"1":13,"2":1,"3":1},"b":{"0":[2,2,3,2,1,3],"1":[1,1],"2":[1,1],"3":[1,2],"4":[1,1],"5":[1,1],"6":[6,0]},"_coverageSchema":"1a1c01bbd47fc00a2c39e90264f33305004495a9","hash":"65717f6c898e3b274d586dca500d5e952f665721"}
,"C:\\Users\\eladl\\OneDrive - Ariel University\\Desktop\\contact_manager\\services\\contactService.js": {"path":"C:\\Users\\eladl\\OneDrive - Ariel University\\Desktop\\contact_manager\\services\\contactService.js","statementMap":{"0":{"start":{"line":1,"column":39},"end":{"line":1,"column":68}},"1":{"start":{"line":2,"column":28},"end":{"line":2,"column":58}},"2":{"start":{"line":5,"column":19},"end":{"line":5,"column":33}},"3":{"start":{"line":6,"column":2},"end":{"line":6,"column":38}},"4":{"start":{"line":8,"column":17},"end":{"line":8,"column":54}},"5":{"start":{"line":8,"column":36},"end":{"line":8,"column":53}},"6":{"start":{"line":9,"column":2},"end":{"line":11,"column":3}},"7":{"start":{"line":10,"column":4},"end":{"line":10,"column":62}},"8":{"start":{"line":13,"column":21},"end":{"line":13,"column":43}},"9":{"start":{"line":14,"column":2},"end":{"line":14,"column":28}},"10":{"start":{"line":15,"column":2},"end":{"line":15,"column":25}},"11":{"start":{"line":17,"column":2},"end":{"line":17,"column":20}},"12":{"start":{"line":21,"column":2},"end":{"line":21,"column":24}},"13":{"start":{"line":25,"column":19},"end":{"line":25,"column":33}},"14":{"start":{"line":26,"column":21},"end":{"line":26,"column":40}},"15":{"start":{"line":28,"column":2},"end":{"line":30,"column":4}},"16":{"start":{"line":29,"column":4},"end":{"line":29,"column":91}},"17":{"start":{"line":34,"column":19},"end":{"line":34,"column":33}},"18":{"start":{"line":35,"column":16},"end":{"line":35,"column":58}},"19":{"start":{"line":35,"column":40},"end":{"line":35,"column":57}},"20":{"start":{"line":37,"column":2},"end":{"line":39,"column":3}},"21":{"start":{"line":38,"column":4},"end":{"line":38,"column":61}},"22":{"start":{"line":41,"column":20},"end":{"line":41,"column":45}},"23":{"start":{"line":42,"column":2},"end":{"line":42,"column":25}},"24":{"start":{"line":43,"column":2},"end":{"line":43,"column":17}},"25":{"start":{"line":46,"column":0},"end":{"line":46,"column":77}}},"fnMap":{"0":{"name":"addContact","decl":{"start":{"line":4,"column":9},"end":{"line":4,"column":19}},"loc":{"start":{"line":4,"column":40},"end":{"line":18,"column":1}},"line":4},"1":{"name":"(anonymous_1)","decl":{"start":{"line":8,"column":31},"end":{"line":8,"column":32}},"loc":{"start":{"line":8,"column":36},"end":{"line":8,"column":53}},"line":8},"2":{"name":"listContacts","decl":{"start":{"line":20,"column":9},"end":{"line":20,"column":21}},"loc":{"start":{"line":20,"column":24},"end":{"line":22,"column":1}},"line":20},"3":{"name":"searchContacts","decl":{"start":{"line":24,"column":9},"end":{"line":24,"column":23}},"loc":{"start":{"line":24,"column":31},"end":{"line":31,"column":1}},"line":24},"4":{"name":"(anonymous_4)","decl":{"start":{"line":28,"column":25},"end":{"line":28,"column":26}},"loc":{"start":{"line":29,"column":4},"end":{"line":29,"column":91}},"line":29},"5":{"name":"deleteContact","decl":{"start":{"line":33,"column":9},"end":{"line":33,"column":22}},"loc":{"start":{"line":33,"column":30},"end":{"line":44,"column":1}},"line":33},"6":{"name":"(anonymous_6)","decl":{"start":{"line":35,"column":35},"end":{"line":35,"column":36}},"loc":{"start":{"line":35,"column":40},"end":{"line":35,"column":57}},"line":35}},"branchMap":{"0":{"loc":{"start":{"line":9,"column":2},"end":{"line":11,"column":3}},"type":"if","locations":[{"start":{"line":9,"column":2},"end":{"line":11,"column":3}},{"start":{},"end":{}}],"line":9},"1":{"loc":{"start":{"line":29,"column":4},"end":{"line":29,"column":91}},"type":"binary-expr","locations":[{"start":{"line":29,"column":4},"end":{"line":29,"column":45}},{"start":{"line":29,"column":49},"end":{"line":29,"column":91}}],"line":29},"2":{"loc":{"start":{"line":37,"column":2},"end":{"line":39,"column":3}},"type":"if","locations":[{"start":{"line":37,"column":2},"end":{"line":39,"column":3}},{"start":{},"end":{}}],"line":37}},"s":{"0":3,"1":3,"2":2,"3":2,"4":2,"5":1,"6":2,"7":1,"8":1,"9":1,"10":1,"11":1,"12":1,"13":3,"14":3,"15":3,"16":6,"17":2,"18":2,"19":1,"20":2,"21":1,"22":1,"23":1,"24":1,"25":3},"f":{"0":2,"1":1,"2":1,"3":3,"4":6,"5":2,"6":1},"b":{"0":[1,1],"1":[6,5],"2":[1,1]},"_coverageSchema":"1a1c01bbd47fc00a2c39e90264f33305004495a9","hash":"bc2160f1f111b878f5ea07b45338a434d89f0834"}
,"C:\\Users\\eladl\\OneDrive - Ariel University\\Desktop\\contact_manager\\utils\\fileUtils.js": {"path":"C:\\Users\\eladl\\OneDrive - Ariel University\\Desktop\\contact_manager\\utils\\fileUtils.js","statementMap":{"0":{"start":{"line":1,"column":11},"end":{"line":1,"column":24}},"1":{"start":{"line":2,"column":13},"end":{"line":2,"column":28}},"2":{"start":{"line":4,"column":21},"end":{"line":4,"column":64}},"3":{"start":{"line":7,"column":2},"end":{"line":17,"column":3}},"4":{"start":{"line":8,"column":17},"end":{"line":8,"column":55}},"5":{"start":{"line":9,"column":4},"end":{"line":9,"column":28}},"6":{"start":{"line":11,"column":4},"end":{"line":16,"column":5}},"7":{"start":{"line":12,"column":6},"end":{"line":12,"column":66}},"8":{"start":{"line":13,"column":6},"end":{"line":13,"column":16}},"9":{"start":{"line":15,"column":6},"end":{"line":15,"column":16}},"10":{"start":{"line":21,"column":2},"end":{"line":25,"column":3}},"11":{"start":{"line":22,"column":4},"end":{"line":22,"column":79}},"12":{"start":{"line":24,"column":4},"end":{"line":24,"column":47}},"13":{"start":{"line":28,"column":0},"end":{"line":28,"column":48}}},"fnMap":{"0":{"name":"loadContacts","decl":{"start":{"line":6,"column":9},"end":{"line":6,"column":21}},"loc":{"start":{"line":6,"column":24},"end":{"line":18,"column":1}},"line":6},"1":{"name":"saveContacts","decl":{"start":{"line":20,"column":9},"end":{"line":20,"column":21}},"loc":{"start":{"line":20,"column":32},"end":{"line":26,"column":1}},"line":20}},"branchMap":{"0":{"loc":{"start":{"line":11,"column":4},"end":{"line":16,"column":5}},"type":"if","locations":[{"start":{"line":11,"column":4},"end":{"line":16,"column":5}},{"start":{"line":14,"column":11},"end":{"line":16,"column":5}}],"line":11}},"s":{"0":4,"1":4,"2":4,"3":3,"4":3,"5":1,"6":2,"7":1,"8":1,"9":1,"10":2,"11":2,"12":1,"13":4},"f":{"0":3,"1":2},"b":{"0":[1,1]},"_coverageSchema":"1a1c01bbd47fc00a2c39e90264f33305004495a9","hash":"97bea4bfd0a9870edebbf21a9d68ba67b7a83e4f"}
,"C:\\Users\\eladl\\OneDrive - Ariel University\\Desktop\\contact_manager\\utils\\validation.js": {"path":"C:\\Users\\eladl\\OneDrive - Ariel University\\Desktop\\contact_manager\\utils\\validation.js","statementMap":{"0":{"start":{"line":2,"column":2},"end":{"line":4,"column":3}},"1":{"start":{"line":3,"column":4},"end":{"line":3,"column":51}},"2":{"start":{"line":8,"column":2},"end":{"line":10,"column":3}},"3":{"start":{"line":9,"column":4},"end":{"line":9,"column":57}},"4":{"start":{"line":11,"column":2},"end":{"line":11,"column":23}},"5":{"start":{"line":14,"column":0},"end":{"line":14,"column":52}}},"fnMap":{"0":{"name":"validateEmail","decl":{"start":{"line":1,"column":9},"end":{"line":1,"column":22}},"loc":{"start":{"line":1,"column":30},"end":{"line":5,"column":1}},"line":1},"1":{"name":"validateContact","decl":{"start":{"line":7,"column":9},"end":{"line":7,"column":24}},"loc":{"start":{"line":7,"column":45},"end":{"line":12,"column":1}},"line":7}},"branchMap":{"0":{"loc":{"start":{"line":2,"column":2},"end":{"line":4,"column":3}},"type":"if","locations":[{"start":{"line":2,"column":2},"end":{"line":4,"column":3}},{"start":{},"end":{}}],"line":2},"1":{"loc":{"start":{"line":8,"column":2},"end":{"line":10,"column":3}},"type":"if","locations":[{"start":{"line":8,"column":2},"end":{"line":10,"column":3}},{"start":{},"end":{}}],"line":8},"2":{"loc":{"start":{"line":8,"column":6},"end":{"line":8,"column":31}},"type":"binary-expr","locations":[{"start":{"line":8,"column":6},"end":{"line":8,"column":11}},{"start":{"line":8,"column":15},"end":{"line":8,"column":21}},{"start":{"line":8,"column":25},"end":{"line":8,"column":31}}],"line":8}},"s":{"0":4,"1":2,"2":5,"3":3,"4":2,"5":4},"f":{"0":4,"1":5},"b":{"0":[2,2],"1":[3,2],"2":[5,4,3]},"_coverageSchema":"1a1c01bbd47fc00a2c39e90264f33305004495a9","hash":"a8c95492547b31b535e0f7efe9e6bc6e197fcf67"}
}
