TN:
SF:app.js
FN:4,main
FNF:1
FNH:1
FNDA:1,main
DA:1,1
DA:5,1
DA:6,1
DA:7,1
DA:8,1
DA:9,1
DA:11,1
DA:14,1
LF:8
LH:8
BRDA:6,0,0,1
BRDA:6,0,1,0
BRF:2
BRH:1
end_of_record
TN:
SF:commands\commandHandler.js
FN:3,printUsage
FN:20,handleCommand
FN:41,(anonymous_2)
FN:56,(anonymous_3)
FNF:4
FNH:4
FNDA:1,printUsage
FNDA:13,handleCommand
FNDA:1,(anonymous_2)
FNDA:1,(anonymous_3)
DA:1,2
DA:4,1
DA:21,13
DA:23,13
DA:24,13
DA:26,2
DA:27,1
DA:29,1
DA:30,1
DA:31,1
DA:34,2
DA:35,2
DA:36,2
DA:37,1
DA:38,1
DA:40,1
DA:41,1
DA:42,1
DA:44,1
DA:47,3
DA:48,1
DA:50,2
DA:51,2
DA:52,2
DA:53,2
DA:54,1
DA:56,1
DA:57,1
DA:60,2
DA:63,2
DA:64,1
DA:66,1
DA:67,1
DA:68,1
DA:71,1
DA:72,1
DA:75,3
DA:78,6
DA:79,6
DA:80,6
DA:85,2
LF:41
LH:41
BRDA:24,0,0,2
BRDA:24,0,1,2
BRDA:24,0,2,3
BRDA:24,0,3,2
BRDA:24,0,4,1
BRDA:24,0,5,3
BRDA:26,1,0,1
BRDA:26,1,1,1
BRDA:36,2,0,1
BRDA:36,2,1,1
BRDA:47,3,0,1
BRDA:47,3,1,2
BRDA:53,4,0,1
BRDA:53,4,1,1
BRDA:63,5,0,1
BRDA:63,5,1,1
BRDA:79,6,0,6
BRDA:79,6,1,0
BRF:18
BRH:17
end_of_record
TN:
SF:services\contactService.js
FN:4,addContact
FN:8,(anonymous_1)
FN:20,listContacts
FN:24,searchContacts
FN:28,(anonymous_4)
FN:33,deleteContact
FN:35,(anonymous_6)
FNF:7
FNH:7
FNDA:2,addContact
FNDA:1,(anonymous_1)
FNDA:1,listContacts
FNDA:3,searchContacts
FNDA:6,(anonymous_4)
FNDA:2,deleteContact
FNDA:1,(anonymous_6)
DA:1,3
DA:2,3
DA:5,2
DA:6,2
DA:8,2
DA:9,2
DA:10,1
DA:13,1
DA:14,1
DA:15,1
DA:17,1
DA:21,1
DA:25,3
DA:26,3
DA:28,3
DA:29,6
DA:34,2
DA:35,2
DA:37,2
DA:38,1
DA:41,1
DA:42,1
DA:43,1
DA:46,3
LF:24
LH:24
BRDA:9,0,0,1
BRDA:9,0,1,1
BRDA:29,1,0,6
BRDA:29,1,1,5
BRDA:37,2,0,1
BRDA:37,2,1,1
BRF:6
BRH:6
end_of_record
TN:
SF:utils\fileUtils.js
FN:6,loadContacts
FN:20,saveContacts
FNF:2
FNH:2
FNDA:3,loadContacts
FNDA:2,saveContacts
DA:1,4
DA:2,4
DA:4,4
DA:7,3
DA:8,3
DA:9,1
DA:11,2
DA:12,1
DA:13,1
DA:15,1
DA:21,2
DA:22,2
DA:24,1
DA:28,4
LF:14
LH:14
BRDA:11,0,0,1
BRDA:11,0,1,1
BRF:2
BRH:2
end_of_record
TN:
SF:utils\validation.js
FN:1,validateEmail
FN:7,validateContact
FNF:2
FNH:2
FNDA:4,validateEmail
FNDA:5,validateContact
DA:2,4
DA:3,2
DA:8,5
DA:9,3
DA:11,2
DA:14,4
LF:6
LH:6
BRDA:2,0,0,2
BRDA:2,0,1,2
BRDA:8,1,0,3
BRDA:8,1,1,2
BRDA:8,2,0,5
BRDA:8,2,1,4
BRDA:8,2,2,3
BRF:7
BRH:7
end_of_record
